<?xml version="1.0" encoding="UTF-8"?>
<!-- Generated by org.testng.reporters.JUnitXMLReporter -->
<testsuite ignored="0" hostname="INBANGNBDELL16" failures="1" tests="1" name="test" time="11.153" errors="0" timestamp="2022-09-07T18:54:57 IST">
  <testcase classname="selenium.testMovieDetails" name="testCountryReleaseDate" time="11.109">
    <failure type="java.lang.AssertionError" message="expected [7 January 2022] but found [17 December 2021]">
      <![CDATA[java.lang.AssertionError: expected [7 January 2022] but found [17 December 2021]
at selenium.testMovieDetails.testCountryReleaseDate(testMovieDetails.java:77)
at java.base/java.util.ArrayList.forEach(ArrayList.java:1511)
... Removed 33 stack frames]]>
    </failure>
  </testcase> <!-- testCountryReleaseDate -->
</testsuite> <!-- test -->
